[debug] [2023-05-12T17:46:37.104Z] ----------------------------------------------------------------------
[debug] [2023-05-12T17:46:37.105Z] Command:       /usr/local/bin/node /usr/local/bin/firebase init
[debug] [2023-05-12T17:46:37.106Z] CLI Version:   11.0.0
[debug] [2023-05-12T17:46:37.106Z] Platform:      darwin
[debug] [2023-05-12T17:46:37.106Z] Node Version:  v16.15.0
[debug] [2023-05-12T17:46:37.107Z] Time:          Fri May 12 2023 13:46:37 GMT-0400 (Eastern Daylight Time)
[debug] [2023-05-12T17:46:37.107Z] ----------------------------------------------------------------------
[debug] 
[debug] [2023-05-12T17:46:37.112Z] > command requires scopes: ["email","openid","https://www.googleapis.com/auth/cloudplatformprojects.readonly","https://www.googleapis.com/auth/firebase","https://www.googleapis.com/auth/cloud-platform"]
[debug] [2023-05-12T17:46:37.112Z] > authorizing via signed-in user (tienduc02f@gmail.com)
[info] 
     ######## #### ########  ######## ########     ###     ######  ########
     ##        ##  ##     ## ##       ##     ##  ##   ##  ##       ##
     ######    ##  ########  ######   ########  #########  ######  ######
     ##        ##  ##    ##  ##       ##     ## ##     ##       ## ##
     ##       #### ##     ## ######## ########  ##     ##  ######  ########

You're about to initialize a Firebase project in this directory:

  /Users/ducdoan2002/Desktop/PJ/graph-visualization

[info] 
=== Project Setup
[info] 
[info] First, let's associate this project directory with a Firebase project.
[info] You can create multiple project aliases by running firebase use --add, 
[info] but for now we'll just set up a default project.
[info] 
[debug] [2023-05-12T17:47:09.715Z] > refreshing access token with scopes: []
[debug] [2023-05-12T17:47:09.716Z] >>> HTTP REQUEST POST https://www.googleapis.com/oauth2/v3/token  
 <request body omitted>
[debug] [2023-05-12T17:47:10.264Z] <<< HTTP RESPONSE 200 {"expires":"Mon, 01 Jan 1990 00:00:00 GMT","cache-control":"no-cache, no-store, max-age=0, must-revalidate","pragma":"no-cache","date":"Fri, 12 May 2023 17:47:10 GMT","content-type":"application/json; charset=utf-8","vary":"X-Origin, Referer, Origin,Accept-Encoding","server":"scaffolding on HTTPServer2","x-xss-protection":"0","x-frame-options":"SAMEORIGIN","x-content-type-options":"nosniff","alt-svc":"h3=\":443\"; ma=2592000,h3-29=\":443\"; ma=2592000","accept-ranges":"none","transfer-encoding":"chunked"}
[debug] [2023-05-12T17:47:10.316Z] >>> [apiv2][query] GET https://firebase.googleapis.com/v1beta1/projects pageSize=100
[debug] [2023-05-12T17:47:11.087Z] <<< [apiv2][status] GET https://firebase.googleapis.com/v1beta1/projects 200
[debug] [2023-05-12T17:47:11.087Z] <<< [apiv2][body] GET https://firebase.googleapis.com/v1beta1/projects [omitted]
